Max is  25
0                chr1_100
1                chr1_200
2                chr1_300
3                chr1_400
4                chr1_500
5                chr1_600
6                chr1_700
7                chr1_800
8                chr1_900
9               chr1_1000
10              chr1_1100
11              chr1_1200
12              chr1_1300
13              chr1_1400
14              chr1_1500
15              chr1_1600
16              chr1_1700
17              chr1_1800
18              chr1_1900
19              chr1_2000
20              chr1_2100
21              chr1_2200
22              chr1_2300
23              chr1_2400
24              chr1_2500
25              chr1_2600
26              chr1_2700
27              chr1_2800
28              chr1_2900
29              chr1_3000
                ...      
2489535    chr1_248953600
2489536    chr1_248953700
2489537    chr1_248953800
2489538    chr1_248953900
2489539    chr1_248954000
2489540    chr1_248954100
2489541    chr1_248954200
2489542    chr1_248954300
2489543    chr1_248954400
2489544    chr1_248954500
2489545    chr1_248954600
2489546    chr1_248954700
2489547    chr1_248954800
2489548    chr1_248954900
2489549    chr1_248955000
2489550    chr1_248955100
2489551    chr1_248955200
2489552    chr1_248955300
2489553    chr1_248955400
2489554    chr1_248955500
2489555    chr1_248955600
2489556    chr1_248955700
2489557    chr1_248955800
2489558    chr1_248955900
2489559    chr1_248956000
2489560    chr1_248956100
2489561    chr1_248956200
2489562    chr1_248956300
2489563    chr1_248956400
2489564    chr1_248956500
Name: Bin Name, Length: 2489565, dtype: object
CpG Counts
0          0
1          0
2          0
3          0
4          0
5          0
6          0
7          0
8          0
9          0
10         0
11         0
12         0
13         0
14         0
15         0
16         0
17         0
18         0
19         0
20         0
21         0
22         0
23         0
24         0
25         0
26         0
27         0
28         0
29         0
          ..
2489535    0
2489536    0
2489537    0
2489538    0
2489539    0
2489540    0
2489541    0
2489542    0
2489543    0
2489544    0
2489545    0
2489546    0
2489547    0
2489548    0
2489549    0
2489550    0
2489551    0
2489552    0
2489553    0
2489554    0
2489555    0
2489556    0
2489557    0
2489558    0
2489559    0
2489560    0
2489561    0
2489562    0
2489563    0
2489564    0
Name: CpG Count, Length: 2489565, dtype: int64
Max is  28
0                chr2_100
1                chr2_200
2                chr2_300
3                chr2_400
4                chr2_500
5                chr2_600
6                chr2_700
7                chr2_800
8                chr2_900
9               chr2_1000
10              chr2_1100
11              chr2_1200
12              chr2_1300
13              chr2_1400
14              chr2_1500
15              chr2_1600
16              chr2_1700
17              chr2_1800
18              chr2_1900
19              chr2_2000
20              chr2_2100
21              chr2_2200
22              chr2_2300
23              chr2_2400
24              chr2_2500
25              chr2_2600
26              chr2_2700
27              chr2_2800
28              chr2_2900
29              chr2_3000
                ...      
2421906    chr2_242190700
2421907    chr2_242190800
2421908    chr2_242190900
2421909    chr2_242191000
2421910    chr2_242191100
2421911    chr2_242191200
2421912    chr2_242191300
2421913    chr2_242191400
2421914    chr2_242191500
2421915    chr2_242191600
2421916    chr2_242191700
2421917    chr2_242191800
2421918    chr2_242191900
2421919    chr2_242192000
2421920    chr2_242192100
2421921    chr2_242192200
2421922    chr2_242192300
2421923    chr2_242192400
2421924    chr2_242192500
2421925    chr2_242192600
2421926    chr2_242192700
2421927    chr2_242192800
2421928    chr2_242192900
2421929    chr2_242193000
2421930    chr2_242193100
2421931    chr2_242193200
2421932    chr2_242193300
2421933    chr2_242193400
2421934    chr2_242193500
2421935    chr2_242193600
Name: Bin Name, Length: 2421936, dtype: object
CpG Counts
0          0
1          0
2          0
3          0
4          0
5          0
6          0
7          0
8          0
9          0
10         0
11         0
12         0
13         0
14         0
15         0
16         0
17         0
18         0
19         0
20         0
21         0
22         0
23         0
24         0
25         0
26         0
27         0
28         0
29         0
          ..
2421906    0
2421907    0
2421908    0
2421909    0
2421910    0
2421911    0
2421912    0
2421913    0
2421914    0
2421915    0
2421916    0
2421917    0
2421918    0
2421919    0
2421920    0
2421921    0
2421922    0
2421923    0
2421924    0
2421925    0
2421926    0
2421927    0
2421928    0
2421929    0
2421930    0
2421931    0
2421932    0
2421933    0
2421934    0
2421935    0
Name: CpG Count, Length: 2421936, dtype: int64
Max is  27
0                chr3_100
1                chr3_200
2                chr3_300
3                chr3_400
4                chr3_500
5                chr3_600
6                chr3_700
7                chr3_800
8                chr3_900
9               chr3_1000
10              chr3_1100
11              chr3_1200
12              chr3_1300
13              chr3_1400
14              chr3_1500
15              chr3_1600
16              chr3_1700
17              chr3_1800
18              chr3_1900
19              chr3_2000
20              chr3_2100
21              chr3_2200
22              chr3_2300
23              chr3_2400
24              chr3_2500
25              chr3_2600
26              chr3_2700
27              chr3_2800
28              chr3_2900
29              chr3_3000
                ...      
1982926    chr3_198292700
1982927    chr3_198292800
1982928    chr3_198292900
1982929    chr3_198293000
1982930    chr3_198293100
1982931    chr3_198293200
1982932    chr3_198293300
1982933    chr3_198293400
1982934    chr3_198293500
1982935    chr3_198293600
1982936    chr3_198293700
1982937    chr3_198293800
1982938    chr3_198293900
1982939    chr3_198294000
1982940    chr3_198294100
1982941    chr3_198294200
1982942    chr3_198294300
1982943    chr3_198294400
1982944    chr3_198294500
1982945    chr3_198294600
1982946    chr3_198294700
1982947    chr3_198294800
1982948    chr3_198294900
1982949    chr3_198295000
1982950    chr3_198295100
1982951    chr3_198295200
1982952    chr3_198295300
1982953    chr3_198295400
1982954    chr3_198295500
1982955    chr3_198295600
Name: Bin Name, Length: 1982956, dtype: object
CpG Counts
0          0
1          0
2          0
3          0
4          0
5          0
6          0
7          0
8          0
9          0
10         0
11         0
12         0
13         0
14         0
15         0
16         0
17         0
18         0
19         0
20         0
21         0
22         0
23         0
24         0
25         0
26         0
27         0
28         0
29         0
          ..
1982926    0
1982927    0
1982928    0
1982929    0
1982930    0
1982931    0
1982932    0
1982933    0
1982934    0
1982935    0
1982936    0
1982937    0
1982938    0
1982939    0
1982940    0
1982941    0
1982942    0
1982943    0
1982944    0
1982945    0
1982946    0
1982947    0
1982948    0
1982949    0
1982950    0
1982951    0
1982952    0
1982953    0
1982954    0
1982955    0
Name: CpG Count, Length: 1982956, dtype: int64
Max is  27
0                chr4_100
1                chr4_200
2                chr4_300
3                chr4_400
4                chr4_500
5                chr4_600
6                chr4_700
7                chr4_800
8                chr4_900
9               chr4_1000
10              chr4_1100
11              chr4_1200
12              chr4_1300
13              chr4_1400
14              chr4_1500
15              chr4_1600
16              chr4_1700
17              chr4_1800
18              chr4_1900
19              chr4_2000
20              chr4_2100
21              chr4_2200
22              chr4_2300
23              chr4_2400
24              chr4_2500
25              chr4_2600
26              chr4_2700
27              chr4_2800
28              chr4_2900
29              chr4_3000
                ...      
1902116    chr4_190211700
1902117    chr4_190211800
1902118    chr4_190211900
1902119    chr4_190212000
1902120    chr4_190212100
1902121    chr4_190212200
1902122    chr4_190212300
1902123    chr4_190212400
1902124    chr4_190212500
1902125    chr4_190212600
1902126    chr4_190212700
1902127    chr4_190212800
1902128    chr4_190212900
1902129    chr4_190213000
1902130    chr4_190213100
1902131    chr4_190213200
1902132    chr4_190213300
1902133    chr4_190213400
1902134    chr4_190213500
1902135    chr4_190213600
1902136    chr4_190213700
1902137    chr4_190213800
1902138    chr4_190213900
1902139    chr4_190214000
1902140    chr4_190214100
1902141    chr4_190214200
1902142    chr4_190214300
1902143    chr4_190214400
1902144    chr4_190214500
1902145    chr4_190214600
Name: Bin Name, Length: 1902146, dtype: object
CpG Counts
0          0
1          0
2          0
3          0
4          0
5          0
6          0
7          0
8          0
9          0
10         0
11         0
12         0
13         0
14         0
15         0
16         0
17         0
18         0
19         0
20         0
21         0
22         0
23         0
24         0
25         0
26         0
27         0
28         0
29         0
          ..
1902116    0
1902117    0
1902118    0
1902119    0
1902120    0
1902121    0
1902122    0
1902123    0
1902124    0
1902125    0
1902126    0
1902127    0
1902128    0
1902129    0
1902130    0
1902131    0
1902132    0
1902133    0
1902134    0
1902135    0
1902136    0
1902137    0
1902138    0
1902139    0
1902140    0
1902141    0
1902142    0
1902143    0
1902144    0
1902145    0
Name: CpG Count, Length: 1902146, dtype: int64
Max is  25
0                chr5_100
1                chr5_200
2                chr5_300
3                chr5_400
4                chr5_500
5                chr5_600
6                chr5_700
7                chr5_800
8                chr5_900
9               chr5_1000
10              chr5_1100
11              chr5_1200
12              chr5_1300
13              chr5_1400
14              chr5_1500
15              chr5_1600
16              chr5_1700
17              chr5_1800
18              chr5_1900
19              chr5_2000
20              chr5_2100
21              chr5_2200
22              chr5_2300
23              chr5_2400
24              chr5_2500
25              chr5_2600
26              chr5_2700
27              chr5_2800
28              chr5_2900
29              chr5_3000
                ...      
1815353    chr5_181535400
1815354    chr5_181535500
1815355    chr5_181535600
1815356    chr5_181535700
1815357    chr5_181535800
1815358    chr5_181535900
1815359    chr5_181536000
1815360    chr5_181536100
1815361    chr5_181536200
1815362    chr5_181536300
1815363    chr5_181536400
1815364    chr5_181536500
1815365    chr5_181536600
1815366    chr5_181536700
1815367    chr5_181536800
1815368    chr5_181536900
1815369    chr5_181537000
1815370    chr5_181537100
1815371    chr5_181537200
1815372    chr5_181537300
1815373    chr5_181537400
1815374    chr5_181537500
1815375    chr5_181537600
1815376    chr5_181537700
1815377    chr5_181537800
1815378    chr5_181537900
1815379    chr5_181538000
1815380    chr5_181538100
1815381    chr5_181538200
1815382    chr5_181538300
Name: Bin Name, Length: 1815383, dtype: object
CpG Counts
0          0
1          0
2          0
3          0
4          0
5          0
6          0
7          0
8          0
9          0
10         0
11         0
12         0
13         0
14         0
15         0
16         0
17         0
18         0
19         0
20         0
21         0
22         0
23         0
24         0
25         0
26         0
27         0
28         0
29         0
          ..
1815353    0
1815354    0
1815355    0
1815356    0
1815357    0
1815358    0
1815359    0
1815360    0
1815361    0
1815362    0
1815363    0
1815364    0
1815365    0
1815366    0
1815367    0
1815368    0
1815369    0
1815370    0
1815371    0
1815372    0
1815373    0
1815374    0
1815375    0
1815376    0
1815377    0
1815378    0
1815379    0
1815380    0
1815381    0
1815382    0
Name: CpG Count, Length: 1815383, dtype: int64
Max is  29
0                chr6_100
1                chr6_200
2                chr6_300
3                chr6_400
4                chr6_500
5                chr6_600
6                chr6_700
7                chr6_800
8                chr6_900
9               chr6_1000
10              chr6_1100
11              chr6_1200
12              chr6_1300
13              chr6_1400
14              chr6_1500
15              chr6_1600
16              chr6_1700
17              chr6_1800
18              chr6_1900
19              chr6_2000
20              chr6_2100
21              chr6_2200
22              chr6_2300
23              chr6_2400
24              chr6_2500
25              chr6_2600
26              chr6_2700
27              chr6_2800
28              chr6_2900
29              chr6_3000
                ...      
1708030    chr6_170803100
1708031    chr6_170803200
1708032    chr6_170803300
1708033    chr6_170803400
1708034    chr6_170803500
1708035    chr6_170803600
1708036    chr6_170803700
1708037    chr6_170803800
1708038    chr6_170803900
1708039    chr6_170804000
1708040    chr6_170804100
1708041    chr6_170804200
1708042    chr6_170804300
1708043    chr6_170804400
1708044    chr6_170804500
1708045    chr6_170804600
1708046    chr6_170804700
1708047    chr6_170804800
1708048    chr6_170804900
1708049    chr6_170805000
1708050    chr6_170805100
1708051    chr6_170805200
1708052    chr6_170805300
1708053    chr6_170805400
1708054    chr6_170805500
1708055    chr6_170805600
1708056    chr6_170805700
1708057    chr6_170805800
1708058    chr6_170805900
1708059    chr6_170806000
Name: Bin Name, Length: 1708060, dtype: object
CpG Counts
0          0
1          0
2          0
3          0
4          0
5          0
6          0
7          0
8          0
9          0
10         0
11         0
12         0
13         0
14         0
15         0
16         0
17         0
18         0
19         0
20         0
21         0
22         0
23         0
24         0
25         0
26         0
27         0
28         0
29         0
          ..
1708030    0
1708031    0
1708032    0
1708033    0
1708034    0
1708035    0
1708036    0
1708037    0
1708038    0
1708039    0
1708040    0
1708041    0
1708042    0
1708043    0
1708044    0
1708045    0
1708046    0
1708047    0
1708048    0
1708049    0
1708050    0
1708051    0
1708052    0
1708053    0
1708054    0
1708055    0
1708056    0
1708057    0
1708058    0
1708059    0
Name: CpG Count, Length: 1708060, dtype: int64
Max is  29
0                chr7_100
1                chr7_200
2                chr7_300
3                chr7_400
4                chr7_500
5                chr7_600
6                chr7_700
7                chr7_800
8                chr7_900
9               chr7_1000
10              chr7_1100
11              chr7_1200
12              chr7_1300
13              chr7_1400
14              chr7_1500
15              chr7_1600
16              chr7_1700
17              chr7_1800
18              chr7_1900
19              chr7_2000
20              chr7_2100
21              chr7_2200
22              chr7_2300
23              chr7_2400
24              chr7_2500
25              chr7_2600
26              chr7_2700
27              chr7_2800
28              chr7_2900
29              chr7_3000
                ...      
1593430    chr7_159343100
1593431    chr7_159343200
1593432    chr7_159343300
1593433    chr7_159343400
1593434    chr7_159343500
1593435    chr7_159343600
1593436    chr7_159343700
1593437    chr7_159343800
1593438    chr7_159343900
1593439    chr7_159344000
1593440    chr7_159344100
1593441    chr7_159344200
1593442    chr7_159344300
1593443    chr7_159344400
1593444    chr7_159344500
1593445    chr7_159344600
1593446    chr7_159344700
1593447    chr7_159344800
1593448    chr7_159344900
1593449    chr7_159345000
1593450    chr7_159345100
1593451    chr7_159345200
1593452    chr7_159345300
1593453    chr7_159345400
1593454    chr7_159345500
1593455    chr7_159345600
1593456    chr7_159345700
1593457    chr7_159345800
1593458    chr7_159345900
1593459    chr7_159346000
Name: Bin Name, Length: 1593460, dtype: object
CpG Counts
0          0
1          0
2          0
3          0
4          0
5          0
6          0
7          0
8          0
9          0
10         0
11         0
12         0
13         0
14         0
15         0
16         0
17         0
18         0
19         0
20         0
21         0
22         0
23         0
24         0
25         0
26         0
27         0
28         0
29         0
          ..
1593430    0
1593431    0
1593432    0
1593433    0
1593434    0
1593435    0
1593436    0
1593437    0
1593438    0
1593439    0
1593440    0
1593441    0
1593442    0
1593443    0
1593444    0
1593445    0
1593446    0
1593447    0
1593448    0
1593449    0
1593450    0
1593451    0
1593452    0
1593453    0
1593454    0
1593455    0
1593456    0
1593457    0
1593458    0
1593459    0
Name: CpG Count, Length: 1593460, dtype: int64
Max is  26
0                chrX_100
1                chrX_200
2                chrX_300
3                chrX_400
4                chrX_500
5                chrX_600
6                chrX_700
7                chrX_800
8                chrX_900
9               chrX_1000
10              chrX_1100
11              chrX_1200
12              chrX_1300
13              chrX_1400
14              chrX_1500
15              chrX_1600
16              chrX_1700
17              chrX_1800
18              chrX_1900
19              chrX_2000
20              chrX_2100
21              chrX_2200
22              chrX_2300
23              chrX_2400
24              chrX_2500
25              chrX_2600
26              chrX_2700
27              chrX_2800
28              chrX_2900
29              chrX_3000
                ...      
1560379    chrX_156038000
1560380    chrX_156038100
1560381    chrX_156038200
1560382    chrX_156038300
1560383    chrX_156038400
1560384    chrX_156038500
1560385    chrX_156038600
1560386    chrX_156038700
1560387    chrX_156038800
1560388    chrX_156038900
1560389    chrX_156039000
1560390    chrX_156039100
1560391    chrX_156039200
1560392    chrX_156039300
1560393    chrX_156039400
1560394    chrX_156039500
1560395    chrX_156039600
1560396    chrX_156039700
1560397    chrX_156039800
1560398    chrX_156039900
1560399    chrX_156040000
1560400    chrX_156040100
1560401    chrX_156040200
1560402    chrX_156040300
1560403    chrX_156040400
1560404    chrX_156040500
1560405    chrX_156040600
1560406    chrX_156040700
1560407    chrX_156040800
1560408    chrX_156040900
Name: Bin Name, Length: 1560409, dtype: object
CpG Counts
0          0
1          0
2          0
3          0
4          0
5          0
6          0
7          0
8          0
9          0
10         0
11         0
12         0
13         0
14         0
15         0
16         0
17         0
18         0
19         0
20         0
21         0
22         0
23         0
24         0
25         0
26         0
27         0
28         0
29         0
          ..
1560379    0
1560380    0
1560381    0
1560382    0
1560383    0
1560384    0
1560385    0
1560386    0
1560387    0
1560388    0
1560389    0
1560390    0
1560391    0
1560392    0
1560393    0
1560394    0
1560395    0
1560396    0
1560397    0
1560398    0
1560399    0
1560400    0
1560401    0
1560402    0
1560403    0
1560404    0
1560405    0
1560406    0
1560407    0
1560408    0
Name: CpG Count, Length: 1560409, dtype: int64
Max is  27
0                chr8_100
1                chr8_200
2                chr8_300
3                chr8_400
4                chr8_500
5                chr8_600
6                chr8_700
7                chr8_800
8                chr8_900
9               chr8_1000
10              chr8_1100
11              chr8_1200
12              chr8_1300
13              chr8_1400
14              chr8_1500
15              chr8_1600
16              chr8_1700
17              chr8_1800
18              chr8_1900
19              chr8_2000
20              chr8_2100
21              chr8_2200
22              chr8_2300
23              chr8_2400
24              chr8_2500
25              chr8_2600
26              chr8_2700
27              chr8_2800
28              chr8_2900
29              chr8_3000
                ...      
1451357    chr8_145135800
1451358    chr8_145135900
1451359    chr8_145136000
1451360    chr8_145136100
1451361    chr8_145136200
1451362    chr8_145136300
1451363    chr8_145136400
1451364    chr8_145136500
1451365    chr8_145136600
1451366    chr8_145136700
1451367    chr8_145136800
1451368    chr8_145136900
1451369    chr8_145137000
1451370    chr8_145137100
1451371    chr8_145137200
1451372    chr8_145137300
1451373    chr8_145137400
1451374    chr8_145137500
1451375    chr8_145137600
1451376    chr8_145137700
1451377    chr8_145137800
1451378    chr8_145137900
1451379    chr8_145138000
1451380    chr8_145138100
1451381    chr8_145138200
1451382    chr8_145138300
1451383    chr8_145138400
1451384    chr8_145138500
1451385    chr8_145138600
1451386    chr8_145138700
Name: Bin Name, Length: 1451387, dtype: object
CpG Counts
0          0
1          0
2          0
3          0
4          0
5          0
6          0
7          0
8          0
9          0
10         0
11         0
12         0
13         0
14         0
15         0
16         0
17         0
18         0
19         0
20         0
21         0
22         0
23         0
24         0
25         0
26         0
27         0
28         0
29         0
          ..
1451357    0
1451358    0
1451359    0
1451360    0
1451361    0
1451362    0
1451363    0
1451364    0
1451365    0
1451366    0
1451367    0
1451368    0
1451369    0
1451370    0
1451371    0
1451372    0
1451373    0
1451374    0
1451375    0
1451376    0
1451377    0
1451378    0
1451379    0
1451380    0
1451381    0
1451382    0
1451383    0
1451384    0
1451385    0
1451386    0
Name: CpG Count, Length: 1451387, dtype: int64
Max is  29
0                chr9_100
1                chr9_200
2                chr9_300
3                chr9_400
4                chr9_500
5                chr9_600
6                chr9_700
7                chr9_800
8                chr9_900
9               chr9_1000
10              chr9_1100
11              chr9_1200
12              chr9_1300
13              chr9_1400
14              chr9_1500
15              chr9_1600
16              chr9_1700
17              chr9_1800
18              chr9_1900
19              chr9_2000
20              chr9_2100
21              chr9_2200
22              chr9_2300
23              chr9_2400
24              chr9_2500
25              chr9_2600
26              chr9_2700
27              chr9_2800
28              chr9_2900
29              chr9_3000
                ...      
1383918    chr9_138391900
1383919    chr9_138392000
1383920    chr9_138392100
1383921    chr9_138392200
1383922    chr9_138392300
1383923    chr9_138392400
1383924    chr9_138392500
1383925    chr9_138392600
1383926    chr9_138392700
1383927    chr9_138392800
1383928    chr9_138392900
1383929    chr9_138393000
1383930    chr9_138393100
1383931    chr9_138393200
1383932    chr9_138393300
1383933    chr9_138393400
1383934    chr9_138393500
1383935    chr9_138393600
1383936    chr9_138393700
1383937    chr9_138393800
1383938    chr9_138393900
1383939    chr9_138394000
1383940    chr9_138394100
1383941    chr9_138394200
1383942    chr9_138394300
1383943    chr9_138394400
1383944    chr9_138394500
1383945    chr9_138394600
1383946    chr9_138394700
1383947    chr9_138394800
Name: Bin Name, Length: 1383948, dtype: object
CpG Counts
0          0
1          0
2          0
3          0
4          0
5          0
6          0
7          0
8          0
9          0
10         0
11         0
12         0
13         0
14         0
15         0
16         0
17         0
18         0
19         0
20         0
21         0
22         0
23         0
24         0
25         0
26         0
27         0
28         0
29         0
          ..
1383918    0
1383919    0
1383920    0
1383921    0
1383922    0
1383923    0
1383924    0
1383925    0
1383926    0
1383927    0
1383928    0
1383929    0
1383930    0
1383931    0
1383932    0
1383933    0
1383934    0
1383935    0
1383936    0
1383937    0
1383938    0
1383939    0
1383940    0
1383941    0
1383942    0
1383943    0
1383944    0
1383945    0
1383946    0
1383947    0
Name: CpG Count, Length: 1383948, dtype: int64
Max is  27
0                chr11_100
1                chr11_200
2                chr11_300
3                chr11_400
4                chr11_500
5                chr11_600
6                chr11_700
7                chr11_800
8                chr11_900
9               chr11_1000
10              chr11_1100
11              chr11_1200
12              chr11_1300
13              chr11_1400
14              chr11_1500
15              chr11_1600
16              chr11_1700
17              chr11_1800
18              chr11_1900
19              chr11_2000
20              chr11_2100
21              chr11_2200
22              chr11_2300
23              chr11_2400
24              chr11_2500
25              chr11_2600
26              chr11_2700
27              chr11_2800
28              chr11_2900
29              chr11_3000
                ...       
1350837    chr11_135083800
1350838    chr11_135083900
1350839    chr11_135084000
1350840    chr11_135084100
1350841    chr11_135084200
1350842    chr11_135084300
1350843    chr11_135084400
1350844    chr11_135084500
1350845    chr11_135084600
1350846    chr11_135084700
1350847    chr11_135084800
1350848    chr11_135084900
1350849    chr11_135085000
1350850    chr11_135085100
1350851    chr11_135085200
1350852    chr11_135085300
1350853    chr11_135085400
1350854    chr11_135085500
1350855    chr11_135085600
1350856    chr11_135085700
1350857    chr11_135085800
1350858    chr11_135085900
1350859    chr11_135086000
1350860    chr11_135086100
1350861    chr11_135086200
1350862    chr11_135086300
1350863    chr11_135086400
1350864    chr11_135086500
1350865    chr11_135086600
1350866    chr11_135086700
Name: Bin Name, Length: 1350867, dtype: object
CpG Counts
0          0
1          0
2          0
3          0
4          0
5          0
6          0
7          0
8          0
9          0
10         0
11         0
12         0
13         0
14         0
15         0
16         0
17         0
18         0
19         0
20         0
21         0
22         0
23         0
24         0
25         0
26         0
27         0
28         0
29         0
          ..
1350837    0
1350838    0
1350839    0
1350840    0
1350841    0
1350842    0
1350843    0
1350844    0
1350845    0
1350846    0
1350847    0
1350848    0
1350849    0
1350850    0
1350851    0
1350852    0
1350853    0
1350854    0
1350855    0
1350856    0
1350857    0
1350858    0
1350859    0
1350860    0
1350861    0
1350862    0
1350863    0
1350864    0
1350865    0
1350866    0
Name: CpG Count, Length: 1350867, dtype: int64
Max is  29
0                chr10_100
1                chr10_200
2                chr10_300
3                chr10_400
4                chr10_500
5                chr10_600
6                chr10_700
7                chr10_800
8                chr10_900
9               chr10_1000
10              chr10_1100
11              chr10_1200
12              chr10_1300
13              chr10_1400
14              chr10_1500
15              chr10_1600
16              chr10_1700
17              chr10_1800
18              chr10_1900
19              chr10_2000
20              chr10_2100
21              chr10_2200
22              chr10_2300
23              chr10_2400
24              chr10_2500
25              chr10_2600
26              chr10_2700
27              chr10_2800
28              chr10_2900
29              chr10_3000
                ...       
1337945    chr10_133794600
1337946    chr10_133794700
1337947    chr10_133794800
1337948    chr10_133794900
1337949    chr10_133795000
1337950    chr10_133795100
1337951    chr10_133795200
1337952    chr10_133795300
1337953    chr10_133795400
1337954    chr10_133795500
1337955    chr10_133795600
1337956    chr10_133795700
1337957    chr10_133795800
1337958    chr10_133795900
1337959    chr10_133796000
1337960    chr10_133796100
1337961    chr10_133796200
1337962    chr10_133796300
1337963    chr10_133796400
1337964    chr10_133796500
1337965    chr10_133796600
1337966    chr10_133796700
1337967    chr10_133796800
1337968    chr10_133796900
1337969    chr10_133797000
1337970    chr10_133797100
1337971    chr10_133797200
1337972    chr10_133797300
1337973    chr10_133797400
1337974    chr10_133797500
Name: Bin Name, Length: 1337975, dtype: object
CpG Counts
0          0
1          0
2          0
3          0
4          0
5          0
6          0
7          0
8          0
9          0
10         0
11         0
12         0
13         0
14         0
15         0
16         0
17         0
18         0
19         0
20         0
21         0
22         0
23         0
24         0
25         0
26         0
27         0
28         0
29         0
          ..
1337945    0
1337946    0
1337947    0
1337948    0
1337949    0
1337950    0
1337951    0
1337952    0
1337953    0
1337954    0
1337955    0
1337956    0
1337957    0
1337958    0
1337959    0
1337960    0
1337961    0
1337962    0
1337963    0
1337964    0
1337965    0
1337966    0
1337967    0
1337968    0
1337969    0
1337970    0
1337971    0
1337972    0
1337973    0
1337974    0
Name: CpG Count, Length: 1337975, dtype: int64
Max is  25
0                chr12_100
1                chr12_200
2                chr12_300
3                chr12_400
4                chr12_500
5                chr12_600
6                chr12_700
7                chr12_800
8                chr12_900
9               chr12_1000
10              chr12_1100
11              chr12_1200
12              chr12_1300
13              chr12_1400
14              chr12_1500
15              chr12_1600
16              chr12_1700
17              chr12_1800
18              chr12_1900
19              chr12_2000
20              chr12_2100
21              chr12_2200
22              chr12_2300
23              chr12_2400
24              chr12_2500
25              chr12_2600
26              chr12_2700
27              chr12_2800
28              chr12_2900
29              chr12_3000
                ...       
1332724    chr12_133272500
1332725    chr12_133272600
1332726    chr12_133272700
1332727    chr12_133272800
1332728    chr12_133272900
1332729    chr12_133273000
1332730    chr12_133273100
1332731    chr12_133273200
1332732    chr12_133273300
1332733    chr12_133273400
1332734    chr12_133273500
1332735    chr12_133273600
1332736    chr12_133273700
1332737    chr12_133273800
1332738    chr12_133273900
1332739    chr12_133274000
1332740    chr12_133274100
1332741    chr12_133274200
1332742    chr12_133274300
1332743    chr12_133274400
1332744    chr12_133274500
1332745    chr12_133274600
1332746    chr12_133274700
1332747    chr12_133274800
1332748    chr12_133274900
1332749    chr12_133275000
1332750    chr12_133275100
1332751    chr12_133275200
1332752    chr12_133275300
1332753    chr12_133275400
Name: Bin Name, Length: 1332754, dtype: object
CpG Counts
0          0
1          0
2          0
3          0
4          0
5          0
6          0
7          0
8          0
9          0
10         0
11         0
12         0
13         0
14         0
15         0
16         0
17         0
18         0
19         0
20         0
21         0
22         0
23         0
24         0
25         0
26         0
27         0
28         0
29         0
          ..
1332724    0
1332725    0
1332726    0
1332727    0
1332728    0
1332729    0
1332730    0
1332731    0
1332732    0
1332733    0
1332734    0
1332735    0
1332736    0
1332737    0
1332738    0
1332739    0
1332740    0
1332741    0
1332742    0
1332743    0
1332744    0
1332745    0
1332746    0
1332747    0
1332748    0
1332749    0
1332750    0
1332751    0
1332752    0
1332753    0
Name: CpG Count, Length: 1332754, dtype: int64
Max is  26
0                chr13_100
1                chr13_200
2                chr13_300
3                chr13_400
4                chr13_500
5                chr13_600
6                chr13_700
7                chr13_800
8                chr13_900
9               chr13_1000
10              chr13_1100
11              chr13_1200
12              chr13_1300
13              chr13_1400
14              chr13_1500
15              chr13_1600
16              chr13_1700
17              chr13_1800
18              chr13_1900
19              chr13_2000
20              chr13_2100
21              chr13_2200
22              chr13_2300
23              chr13_2400
24              chr13_2500
25              chr13_2600
26              chr13_2700
27              chr13_2800
28              chr13_2900
29              chr13_3000
                ...       
1143614    chr13_114361500
1143615    chr13_114361600
1143616    chr13_114361700
1143617    chr13_114361800
1143618    chr13_114361900
1143619    chr13_114362000
1143620    chr13_114362100
1143621    chr13_114362200
1143622    chr13_114362300
1143623    chr13_114362400
1143624    chr13_114362500
1143625    chr13_114362600
1143626    chr13_114362700
1143627    chr13_114362800
1143628    chr13_114362900
1143629    chr13_114363000
1143630    chr13_114363100
1143631    chr13_114363200
1143632    chr13_114363300
1143633    chr13_114363400
1143634    chr13_114363500
1143635    chr13_114363600
1143636    chr13_114363700
1143637    chr13_114363800
1143638    chr13_114363900
1143639    chr13_114364000
1143640    chr13_114364100
1143641    chr13_114364200
1143642    chr13_114364300
1143643    chr13_114364400
Name: Bin Name, Length: 1143644, dtype: object
CpG Counts
0          0
1          0
2          0
3          0
4          0
5          0
6          0
7          0
8          0
9          0
10         0
11         0
12         0
13         0
14         0
15         0
16         0
17         0
18         0
19         0
20         0
21         0
22         0
23         0
24         0
25         0
26         0
27         0
28         0
29         0
          ..
1143614    0
1143615    0
1143616    0
1143617    0
1143618    0
1143619    0
1143620    0
1143621    0
1143622    0
1143623    0
1143624    0
1143625    0
1143626    0
1143627    0
1143628    0
1143629    0
1143630    0
1143631    0
1143632    0
1143633    0
1143634    0
1143635    0
1143636    0
1143637    0
1143638    0
1143639    0
1143640    0
1143641    0
1143642    0
1143643    0
Name: CpG Count, Length: 1143644, dtype: int64
Max is  28
0                chr14_100
1                chr14_200
2                chr14_300
3                chr14_400
4                chr14_500
5                chr14_600
6                chr14_700
7                chr14_800
8                chr14_900
9               chr14_1000
10              chr14_1100
11              chr14_1200
12              chr14_1300
13              chr14_1400
14              chr14_1500
15              chr14_1600
16              chr14_1700
17              chr14_1800
18              chr14_1900
19              chr14_2000
20              chr14_2100
21              chr14_2200
22              chr14_2300
23              chr14_2400
24              chr14_2500
25              chr14_2600
26              chr14_2700
27              chr14_2800
28              chr14_2900
29              chr14_3000
                ...       
1070408    chr14_107040900
1070409    chr14_107041000
1070410    chr14_107041100
1070411    chr14_107041200
1070412    chr14_107041300
1070413    chr14_107041400
1070414    chr14_107041500
1070415    chr14_107041600
1070416    chr14_107041700
1070417    chr14_107041800
1070418    chr14_107041900
1070419    chr14_107042000
1070420    chr14_107042100
1070421    chr14_107042200
1070422    chr14_107042300
1070423    chr14_107042400
1070424    chr14_107042500
1070425    chr14_107042600
1070426    chr14_107042700
1070427    chr14_107042800
1070428    chr14_107042900
1070429    chr14_107043000
1070430    chr14_107043100
1070431    chr14_107043200
1070432    chr14_107043300
1070433    chr14_107043400
1070434    chr14_107043500
1070435    chr14_107043600
1070436    chr14_107043700
1070437    chr14_107043800
Name: Bin Name, Length: 1070438, dtype: object
CpG Counts
0          0
1          0
2          0
3          0
4          0
5          0
6          0
7          0
8          0
9          0
10         0
11         0
12         0
13         0
14         0
15         0
16         0
17         0
18         0
19         0
20         0
21         0
22         0
23         0
24         0
25         0
26         0
27         0
28         0
29         0
          ..
1070408    0
1070409    0
1070410    0
1070411    0
1070412    0
1070413    0
1070414    0
1070415    0
1070416    0
1070417    0
1070418    0
1070419    0
1070420    0
1070421    0
1070422    0
1070423    0
1070424    0
1070425    0
1070426    0
1070427    0
1070428    0
1070429    0
1070430    0
1070431    0
1070432    0
1070433    0
1070434    0
1070435    0
1070436    0
1070437    0
Name: CpG Count, Length: 1070438, dtype: int64
Max is  29
0                chr15_100
1                chr15_200
2                chr15_300
3                chr15_400
4                chr15_500
5                chr15_600
6                chr15_700
7                chr15_800
8                chr15_900
9               chr15_1000
10              chr15_1100
11              chr15_1200
12              chr15_1300
13              chr15_1400
14              chr15_1500
15              chr15_1600
16              chr15_1700
17              chr15_1800
18              chr15_1900
19              chr15_2000
20              chr15_2100
21              chr15_2200
22              chr15_2300
23              chr15_2400
24              chr15_2500
25              chr15_2600
26              chr15_2700
27              chr15_2800
28              chr15_2900
29              chr15_3000
                ...       
1019882    chr15_101988300
1019883    chr15_101988400
1019884    chr15_101988500
1019885    chr15_101988600
1019886    chr15_101988700
1019887    chr15_101988800
1019888    chr15_101988900
1019889    chr15_101989000
1019890    chr15_101989100
1019891    chr15_101989200
1019892    chr15_101989300
1019893    chr15_101989400
1019894    chr15_101989500
1019895    chr15_101989600
1019896    chr15_101989700
1019897    chr15_101989800
1019898    chr15_101989900
1019899    chr15_101990000
1019900    chr15_101990100
1019901    chr15_101990200
1019902    chr15_101990300
1019903    chr15_101990400
1019904    chr15_101990500
1019905    chr15_101990600
1019906    chr15_101990700
1019907    chr15_101990800
1019908    chr15_101990900
1019909    chr15_101991000
1019910    chr15_101991100
1019911    chr15_101991200
Name: Bin Name, Length: 1019912, dtype: object
CpG Counts
0          0
1          0
2          0
3          0
4          0
5          0
6          0
7          0
8          0
9          0
10         0
11         0
12         0
13         0
14         0
15         0
16         0
17         0
18         0
19         0
20         0
21         0
22         0
23         0
24         0
25         0
26         0
27         0
28         0
29         0
          ..
1019882    0
1019883    0
1019884    0
1019885    0
1019886    0
1019887    0
1019888    0
1019889    0
1019890    0
1019891    0
1019892    0
1019893    0
1019894    0
1019895    0
1019896    0
1019897    0
1019898    0
1019899    0
1019900    0
1019901    0
1019902    0
1019903    0
1019904    0
1019905    0
1019906    0
1019907    0
1019908    0
1019909    0
1019910    0
1019911    0
Name: CpG Count, Length: 1019912, dtype: int64
Max is  26
0              chr16_100
1              chr16_200
2              chr16_300
3              chr16_400
4              chr16_500
5              chr16_600
6              chr16_700
7              chr16_800
8              chr16_900
9             chr16_1000
10            chr16_1100
11            chr16_1200
12            chr16_1300
13            chr16_1400
14            chr16_1500
15            chr16_1600
16            chr16_1700
17            chr16_1800
18            chr16_1900
19            chr16_2000
20            chr16_2100
21            chr16_2200
22            chr16_2300
23            chr16_2400
24            chr16_2500
25            chr16_2600
26            chr16_2700
27            chr16_2800
28            chr16_2900
29            chr16_3000
               ...      
903354    chr16_90335500
903355    chr16_90335600
903356    chr16_90335700
903357    chr16_90335800
903358    chr16_90335900
903359    chr16_90336000
903360    chr16_90336100
903361    chr16_90336200
903362    chr16_90336300
903363    chr16_90336400
903364    chr16_90336500
903365    chr16_90336600
903366    chr16_90336700
903367    chr16_90336800
903368    chr16_90336900
903369    chr16_90337000
903370    chr16_90337100
903371    chr16_90337200
903372    chr16_90337300
903373    chr16_90337400
903374    chr16_90337500
903375    chr16_90337600
903376    chr16_90337700
903377    chr16_90337800
903378    chr16_90337900
903379    chr16_90338000
903380    chr16_90338100
903381    chr16_90338200
903382    chr16_90338300
903383    chr16_90338400
Name: Bin Name, Length: 903384, dtype: object
CpG Counts
0         0
1         0
2         0
3         0
4         0
5         0
6         0
7         0
8         0
9         0
10        0
11        0
12        0
13        0
14        0
15        0
16        0
17        0
18        0
19        0
20        0
21        0
22        0
23        0
24        0
25        0
26        0
27        0
28        0
29        0
         ..
903354    0
903355    0
903356    0
903357    0
903358    0
903359    0
903360    0
903361    0
903362    0
903363    0
903364    0
903365    0
903366    0
903367    0
903368    0
903369    0
903370    0
903371    0
903372    0
903373    0
903374    0
903375    0
903376    0
903377    0
903378    0
903379    0
903380    0
903381    0
903382    0
903383    0
Name: CpG Count, Length: 903384, dtype: int64
Max is  28
0              chr17_100
1              chr17_200
2              chr17_300
3              chr17_400
4              chr17_500
5              chr17_600
6              chr17_700
7              chr17_800
8              chr17_900
9             chr17_1000
10            chr17_1100
11            chr17_1200
12            chr17_1300
13            chr17_1400
14            chr17_1500
15            chr17_1600
16            chr17_1700
17            chr17_1800
18            chr17_1900
19            chr17_2000
20            chr17_2100
21            chr17_2200
22            chr17_2300
23            chr17_2400
24            chr17_2500
25            chr17_2600
26            chr17_2700
27            chr17_2800
28            chr17_2900
29            chr17_3000
               ...      
832545    chr17_83254600
832546    chr17_83254700
832547    chr17_83254800
832548    chr17_83254900
832549    chr17_83255000
832550    chr17_83255100
832551    chr17_83255200
832552    chr17_83255300
832553    chr17_83255400
832554    chr17_83255500
832555    chr17_83255600
832556    chr17_83255700
832557    chr17_83255800
832558    chr17_83255900
832559    chr17_83256000
832560    chr17_83256100
832561    chr17_83256200
832562    chr17_83256300
832563    chr17_83256400
832564    chr17_83256500
832565    chr17_83256600
832566    chr17_83256700
832567    chr17_83256800
832568    chr17_83256900
832569    chr17_83257000
832570    chr17_83257100
832571    chr17_83257200
832572    chr17_83257300
832573    chr17_83257400
832574    chr17_83257500
Name: Bin Name, Length: 832575, dtype: object
CpG Counts
0         0
1         0
2         0
3         0
4         0
5         0
6         0
7         0
8         0
9         0
10        0
11        0
12        0
13        0
14        0
15        0
16        0
17        0
18        0
19        0
20        0
21        0
22        0
23        0
24        0
25        0
26        0
27        0
28        0
29        0
         ..
832545    0
832546    0
832547    0
832548    0
832549    0
832550    0
832551    0
832552    0
832553    0
832554    0
832555    0
832556    0
832557    0
832558    0
832559    0
832560    0
832561    0
832562    0
832563    0
832564    0
832565    0
832566    0
832567    0
832568    0
832569    0
832570    0
832571    0
832572    0
832573    0
832574    0
Name: CpG Count, Length: 832575, dtype: int64
Max is  26
0              chr18_100
1              chr18_200
2              chr18_300
3              chr18_400
4              chr18_500
5              chr18_600
6              chr18_700
7              chr18_800
8              chr18_900
9             chr18_1000
10            chr18_1100
11            chr18_1200
12            chr18_1300
13            chr18_1400
14            chr18_1500
15            chr18_1600
16            chr18_1700
17            chr18_1800
18            chr18_1900
19            chr18_2000
20            chr18_2100
21            chr18_2200
22            chr18_2300
23            chr18_2400
24            chr18_2500
25            chr18_2600
26            chr18_2700
27            chr18_2800
28            chr18_2900
29            chr18_3000
               ...      
803703    chr18_80370400
803704    chr18_80370500
803705    chr18_80370600
803706    chr18_80370700
803707    chr18_80370800
803708    chr18_80370900
803709    chr18_80371000
803710    chr18_80371100
803711    chr18_80371200
803712    chr18_80371300
803713    chr18_80371400
803714    chr18_80371500
803715    chr18_80371600
803716    chr18_80371700
803717    chr18_80371800
803718    chr18_80371900
803719    chr18_80372000
803720    chr18_80372100
803721    chr18_80372200
803722    chr18_80372300
803723    chr18_80372400
803724    chr18_80372500
803725    chr18_80372600
803726    chr18_80372700
803727    chr18_80372800
803728    chr18_80372900
803729    chr18_80373000
803730    chr18_80373100
803731    chr18_80373200
803732    chr18_80373300
Name: Bin Name, Length: 803733, dtype: object
CpG Counts
0         0
1         0
2         0
3         0
4         0
5         0
6         0
7         0
8         0
9         0
10        0
11        0
12        0
13        0
14        0
15        0
16        0
17        0
18        0
19        0
20        0
21        0
22        0
23        0
24        0
25        0
26        0
27        0
28        0
29        0
         ..
803703    0
803704    0
803705    0
803706    0
803707    0
803708    0
803709    0
803710    0
803711    0
803712    0
803713    0
803714    0
803715    0
803716    0
803717    0
803718    0
803719    0
803720    0
803721    0
803722    0
803723    0
803724    0
803725    0
803726    0
803727    0
803728    0
803729    0
803730    0
803731    0
803732    0
Name: CpG Count, Length: 803733, dtype: int64
Max is  27
0              chr20_100
1              chr20_200
2              chr20_300
3              chr20_400
4              chr20_500
5              chr20_600
6              chr20_700
7              chr20_800
8              chr20_900
9             chr20_1000
10            chr20_1100
11            chr20_1200
12            chr20_1300
13            chr20_1400
14            chr20_1500
15            chr20_1600
16            chr20_1700
17            chr20_1800
18            chr20_1900
19            chr20_2000
20            chr20_2100
21            chr20_2200
22            chr20_2300
23            chr20_2400
24            chr20_2500
25            chr20_2600
26            chr20_2700
27            chr20_2800
28            chr20_2900
29            chr20_3000
               ...      
644412    chr20_64441300
644413    chr20_64441400
644414    chr20_64441500
644415    chr20_64441600
644416    chr20_64441700
644417    chr20_64441800
644418    chr20_64441900
644419    chr20_64442000
644420    chr20_64442100
644421    chr20_64442200
644422    chr20_64442300
644423    chr20_64442400
644424    chr20_64442500
644425    chr20_64442600
644426    chr20_64442700
644427    chr20_64442800
644428    chr20_64442900
644429    chr20_64443000
644430    chr20_64443100
644431    chr20_64443200
644432    chr20_64443300
644433    chr20_64443400
644434    chr20_64443500
644435    chr20_64443600
644436    chr20_64443700
644437    chr20_64443800
644438    chr20_64443900
644439    chr20_64444000
644440    chr20_64444100
644441    chr20_64444200
Name: Bin Name, Length: 644442, dtype: object
CpG Counts
0         0
1         0
2         0
3         0
4         0
5         0
6         0
7         0
8         0
9         0
10        0
11        0
12        0
13        0
14        0
15        0
16        0
17        0
18        0
19        0
20        0
21        0
22        0
23        0
24        0
25        0
26        0
27        0
28        0
29        0
         ..
644412    0
644413    0
644414    0
644415    0
644416    0
644417    0
644418    0
644419    0
644420    0
644421    0
644422    0
644423    0
644424    0
644425    0
644426    0
644427    0
644428    0
644429    0
644430    0
644431    0
644432    0
644433    0
644434    0
644435    0
644436    0
644437    0
644438    0
644439    0
644440    0
644441    0
Name: CpG Count, Length: 644442, dtype: int64
Max is  27
0              chr19_100
1              chr19_200
2              chr19_300
3              chr19_400
4              chr19_500
5              chr19_600
6              chr19_700
7              chr19_800
8              chr19_900
9             chr19_1000
10            chr19_1100
11            chr19_1200
12            chr19_1300
13            chr19_1400
14            chr19_1500
15            chr19_1600
16            chr19_1700
17            chr19_1800
18            chr19_1900
19            chr19_2000
20            chr19_2100
21            chr19_2200
22            chr19_2300
23            chr19_2400
24            chr19_2500
25            chr19_2600
26            chr19_2700
27            chr19_2800
28            chr19_2900
29            chr19_3000
               ...      
586147    chr19_58614800
586148    chr19_58614900
586149    chr19_58615000
586150    chr19_58615100
586151    chr19_58615200
586152    chr19_58615300
586153    chr19_58615400
586154    chr19_58615500
586155    chr19_58615600
586156    chr19_58615700
586157    chr19_58615800
586158    chr19_58615900
586159    chr19_58616000
586160    chr19_58616100
586161    chr19_58616200
586162    chr19_58616300
586163    chr19_58616400
586164    chr19_58616500
586165    chr19_58616600
586166    chr19_58616700
586167    chr19_58616800
586168    chr19_58616900
586169    chr19_58617000
586170    chr19_58617100
586171    chr19_58617200
586172    chr19_58617300
586173    chr19_58617400
586174    chr19_58617500
586175    chr19_58617600
586176    chr19_58617700
Name: Bin Name, Length: 586177, dtype: object
CpG Counts
0         0
1         0
2         0
3         0
4         0
5         0
6         0
7         0
8         0
9         0
10        0
11        0
12        0
13        0
14        0
15        0
16        0
17        0
18        0
19        0
20        0
21        0
22        0
23        0
24        0
25        0
26        0
27        0
28        0
29        0
         ..
586147    0
586148    0
586149    0
586150    0
586151    0
586152    0
586153    0
586154    0
586155    0
586156    0
586157    0
586158    0
586159    0
586160    0
586161    0
586162    0
586163    0
586164    0
586165    0
586166    0
586167    0
586168    0
586169    0
586170    0
586171    0
586172    0
586173    0
586174    0
586175    0
586176    0
Name: CpG Count, Length: 586177, dtype: int64
Max is  26
0              chrY_100
1              chrY_200
2              chrY_300
3              chrY_400
4              chrY_500
5              chrY_600
6              chrY_700
7              chrY_800
8              chrY_900
9             chrY_1000
10            chrY_1100
11            chrY_1200
12            chrY_1300
13            chrY_1400
14            chrY_1500
15            chrY_1600
16            chrY_1700
17            chrY_1800
18            chrY_1900
19            chrY_2000
20            chrY_2100
21            chrY_2200
22            chrY_2300
23            chrY_2400
24            chrY_2500
25            chrY_2600
26            chrY_2700
27            chrY_2800
28            chrY_2900
29            chrY_3000
              ...      
572245    chrY_57224600
572246    chrY_57224700
572247    chrY_57224800
572248    chrY_57224900
572249    chrY_57225000
572250    chrY_57225100
572251    chrY_57225200
572252    chrY_57225300
572253    chrY_57225400
572254    chrY_57225500
572255    chrY_57225600
572256    chrY_57225700
572257    chrY_57225800
572258    chrY_57225900
572259    chrY_57226000
572260    chrY_57226100
572261    chrY_57226200
572262    chrY_57226300
572263    chrY_57226400
572264    chrY_57226500
572265    chrY_57226600
572266    chrY_57226700
572267    chrY_57226800
572268    chrY_57226900
572269    chrY_57227000
572270    chrY_57227100
572271    chrY_57227200
572272    chrY_57227300
572273    chrY_57227400
572274    chrY_57227500
Name: Bin Name, Length: 572275, dtype: object
CpG Counts
0         0
1         0
2         0
3         0
4         0
5         0
6         0
7         0
8         0
9         0
10        0
11        0
12        0
13        0
14        0
15        0
16        0
17        0
18        0
19        0
20        0
21        0
22        0
23        0
24        0
25        0
26        0
27        0
28        0
29        0
         ..
572245    0
572246    0
572247    0
572248    0
572249    0
572250    0
572251    0
572252    0
572253    0
572254    0
572255    0
572256    0
572257    0
572258    0
572259    0
572260    0
572261    0
572262    0
572263    0
572264    0
572265    0
572266    0
572267    0
572268    0
572269    0
572270    0
572271    0
572272    0
572273    0
572274    0
Name: CpG Count, Length: 572275, dtype: int64
Max is  29
0              chr22_100
1              chr22_200
2              chr22_300
3              chr22_400
4              chr22_500
5              chr22_600
6              chr22_700
7              chr22_800
8              chr22_900
9             chr22_1000
10            chr22_1100
11            chr22_1200
12            chr22_1300
13            chr22_1400
14            chr22_1500
15            chr22_1600
16            chr22_1700
17            chr22_1800
18            chr22_1900
19            chr22_2000
20            chr22_2100
21            chr22_2200
22            chr22_2300
23            chr22_2400
24            chr22_2500
25            chr22_2600
26            chr22_2700
27            chr22_2800
28            chr22_2900
29            chr22_3000
               ...      
508155    chr22_50815600
508156    chr22_50815700
508157    chr22_50815800
508158    chr22_50815900
508159    chr22_50816000
508160    chr22_50816100
508161    chr22_50816200
508162    chr22_50816300
508163    chr22_50816400
508164    chr22_50816500
508165    chr22_50816600
508166    chr22_50816700
508167    chr22_50816800
508168    chr22_50816900
508169    chr22_50817000
508170    chr22_50817100
508171    chr22_50817200
508172    chr22_50817300
508173    chr22_50817400
508174    chr22_50817500
508175    chr22_50817600
508176    chr22_50817700
508177    chr22_50817800
508178    chr22_50817900
508179    chr22_50818000
508180    chr22_50818100
508181    chr22_50818200
508182    chr22_50818300
508183    chr22_50818400
508184    chr22_50818500
Name: Bin Name, Length: 508185, dtype: object
CpG Counts
0         0
1         0
2         0
3         0
4         0
5         0
6         0
7         0
8         0
9         0
10        0
11        0
12        0
13        0
14        0
15        0
16        0
17        0
18        0
19        0
20        0
21        0
22        0
23        0
24        0
25        0
26        0
27        0
28        0
29        0
         ..
508155    0
508156    0
508157    0
508158    0
508159    0
508160    0
508161    0
508162    0
508163    0
508164    0
508165    0
508166    0
508167    0
508168    0
508169    0
508170    0
508171    0
508172    0
508173    0
508174    0
508175    0
508176    0
508177    0
508178    0
508179    0
508180    0
508181    0
508182    0
508183    0
508184    0
Name: CpG Count, Length: 508185, dtype: int64
Max is  28
0              chr21_100
1              chr21_200
2              chr21_300
3              chr21_400
4              chr21_500
5              chr21_600
6              chr21_700
7              chr21_800
8              chr21_900
9             chr21_1000
10            chr21_1100
11            chr21_1200
12            chr21_1300
13            chr21_1400
14            chr21_1500
15            chr21_1600
16            chr21_1700
17            chr21_1800
18            chr21_1900
19            chr21_2000
20            chr21_2100
21            chr21_2200
22            chr21_2300
23            chr21_2400
24            chr21_2500
25            chr21_2600
26            chr21_2700
27            chr21_2800
28            chr21_2900
29            chr21_3000
               ...      
467070    chr21_46707100
467071    chr21_46707200
467072    chr21_46707300
467073    chr21_46707400
467074    chr21_46707500
467075    chr21_46707600
467076    chr21_46707700
467077    chr21_46707800
467078    chr21_46707900
467079    chr21_46708000
467080    chr21_46708100
467081    chr21_46708200
467082    chr21_46708300
467083    chr21_46708400
467084    chr21_46708500
467085    chr21_46708600
467086    chr21_46708700
467087    chr21_46708800
467088    chr21_46708900
467089    chr21_46709000
467090    chr21_46709100
467091    chr21_46709200
467092    chr21_46709300
467093    chr21_46709400
467094    chr21_46709500
467095    chr21_46709600
467096    chr21_46709700
467097    chr21_46709800
467098    chr21_46709900
467099    chr21_46710000
Name: Bin Name, Length: 467100, dtype: object
CpG Counts
0         0
1         0
2         0
3         0
4         0
5         0
6         0
7         0
8         0
9         0
10        0
11        0
12        0
13        0
14        0
15        0
16        0
17        0
18        0
19        0
20        0
21        0
22        0
23        0
24        0
25        0
26        0
27        0
28        0
29        0
         ..
467070    0
467071    0
467072    0
467073    0
467074    0
467075    0
467076    0
467077    0
467078    0
467079    0
467080    0
467081    0
467082    0
467083    0
467084    0
467085    0
467086    0
467087    0
467088    0
467089    0
467090    0
467091    0
467092    0
467093    0
467094    0
467095    0
467096    0
467097    0
467098    0
467099    0
Name: CpG Count, Length: 467100, dtype: int64
python ../full_annotation.py CpG_in_chr1.csv chr1.gene chr1 248956422

python ../full_annotation.py CpG_in_chr2.csv chr2.gene chr2 242193529

python ../full_annotation.py CpG_in_chr3.csv chr3.gene chr3 198295559

python ../full_annotation.py CpG_in_chr4.csv chr4.gene chr4 190214555

python ../full_annotation.py CpG_in_chr5.csv chr5.gene chr5 181538259

python ../full_annotation.py CpG_in_chr6.csv chr6.gene chr6 170805979

python ../full_annotation.py CpG_in_chr7.csv chr7.gene chr7 159345973

python ../full_annotation.py CpG_in_chrX.csv chrX.gene chrX 156040895

python ../full_annotation.py CpG_in_chr8.csv chr8.gene chr8 145138636

python ../full_annotation.py CpG_in_chr9.csv chr9.gene chr9 138394717

python ../full_annotation.py CpG_in_chr11.csv chr11.gene chr11 135086622

python ../full_annotation.py CpG_in_chr10.csv chr10.gene chr10 133797422

python ../full_annotation.py CpG_in_chr12.csv chr12.gene chr12 133275309

python ../full_annotation.py CpG_in_chr13.csv chr13.gene chr13 114364328

python ../full_annotation.py CpG_in_chr14.csv chr14.gene chr14 107043718

python ../full_annotation.py CpG_in_chr15.csv chr15.gene chr15 101991189

python ../full_annotation.py CpG_in_chr16.csv chr16.gene chr16 90338345

python ../full_annotation.py CpG_in_chr17.csv chr17.gene chr17 83257441

python ../full_annotation.py CpG_in_chr18.csv chr18.gene chr18 80373285

python ../full_annotation.py CpG_in_chr20.csv chr20.gene chr20 64444167

python ../full_annotation.py CpG_in_chr19.csv chr19.gene chr19 58617616

python ../full_annotation.py CpG_in_chrY.csv chrY.gene chrY 57227415

python ../full_annotation.py CpG_in_chr22.csv chr22.gene chr22 50818468

python ../full_annotation.py CpG_in_chr21.csv chr21.gene chr21 46709983

